<?xml version="1.0" encoding="UTF-8"?>
<testsuite xmlns:xsi="http://www.w3.org/2001/XMLSchema-instance" xsi:noNamespaceSchemaLocation="https://maven.apache.org/surefire/maven-surefire-plugin/xsd/surefire-test-report-3.0.xsd" version="3.0" name="com.example.otpfileupload.OtpfileuploadApplicationTests" time="6.48" tests="1" errors="0" skipped="0" failures="0">
  <properties>
[...]
</properties>
  <testcase name="contextLoads" classname="com.example.otpfileupload.OtpfileuploadApplicationTests" time="1.6">
    <system-out><![CDATA[21:41:20.531 [main] INFO org.springframework.test.context.support.AnnotationConfigContextLoaderUtils -- Could not detect default configuration classes for test class [com.example.otpfileupload.OtpfileuploadApplicationTests]: OtpfileuploadApplicationTests does not declare any static, non-private, non-final, nested classes annotated with @Configuration.
21:41:20.816 [main] INFO org.springframework.boot.test.context.SpringBootTestContextBootstrapper -- Found @SpringBootConfiguration com.example.otpfileupload.OtpfileuploadApplication for test class com.example.otpfileupload.OtpfileuploadApplicationTests
21:41:21.084 [main] INFO org.springframework.boot.devtools.restart.RestartApplicationListener -- Restart disabled due to context in which it is running

  .   ____          _            __ _ _
 /\\ / ___'_ __ _ _(_)_ __  __ _ \ \ \ \
( ( )\___ | '_ | '_| | '_ \/ _` | \ \ \ \
 \\/  ___)| |_)| | | | | || (_| |  ) ) ) )
  '  |____| .__|_| |_|_| |_\__, | / / / /
 =========|_|==============|___/=/_/_/_/

 :: Spring Boot ::               (v3.3.10)

2025-04-07T21:41:21.699+05:30  INFO 19028 --- [otpfileupload] [           main] c.e.o.OtpfileuploadApplicationTests      : Starting OtpfileuploadApplicationTests using Java 23.0.2 with PID 19028 (started by abish in D:\team swarna\otpfileupload)
2025-04-07T21:41:21.701+05:30  INFO 19028 --- [otpfileupload] [           main] c.e.o.OtpfileuploadApplicationTests      : No active profile set, falling back to 1 default profile: "default"
2025-04-07T21:41:23.863+05:30  INFO 19028 --- [otpfileupload] [           main] o.s.b.a.w.s.WelcomePageHandlerMapping    : Adding welcome page: class path resource [static/index.html]
2025-04-07T21:41:24.764+05:30  INFO 19028 --- [otpfileupload] [           main] o.s.b.a.e.web.EndpointLinksResolver      : Exposing 1 endpoint beneath base path '/actuator'
2025-04-07T21:41:24.888+05:30  INFO 19028 --- [otpfileupload] [           main] c.e.o.OtpfileuploadApplicationTests      : Started OtpfileuploadApplicationTests in 3.826 seconds (process running for 6.011)
]]></system-out>
    <system-err><![CDATA[WARNING: A Java agent has been loaded dynamically (C:\Users\abish\.m2\repository\net\bytebuddy\byte-buddy-agent\1.14.19\byte-buddy-agent-1.14.19.jar)
WARNING: If a serviceability tool is in use, please run with -XX:+EnableDynamicAgentLoading to hide this warning
WARNING: If a serviceability tool is not in use, please run with -Djdk.instrument.traceUsage for more information
WARNING: Dynamic loading of agents will be disallowed by default in a future release
]]></system-err>
  </testcase>
</testsuite>